{"/home/nicolas/Documentos/Alura/Formação - Autenticação, testes e segurança em Node.js/Node.js: teste unitários e de integração/node-testes/index.js": {"path":"/home/nicolas/Documentos/Alura/Formação - Autenticação, testes e segurança em Node.js/Node.js: teste unitários e de integração/node-testes/index.js","statementMap":{"0":{"start":{"line":1,"column":22},"end":{"line":1,"column":75}},"1":{"start":{"line":1,"column":51},"end":{"line":1,"column":75}},"2":{"start":{"line":3,"column":27},"end":{"line":3,"column":68}},"3":{"start":{"line":3,"column":50},"end":{"line":3,"column":68}}},"fnMap":{"0":{"name":"(anonymous_0)","decl":{"start":{"line":1,"column":22},"end":{"line":1,"column":23}},"loc":{"start":{"line":1,"column":51},"end":{"line":1,"column":75}},"line":1},"1":{"name":"(anonymous_1)","decl":{"start":{"line":3,"column":27},"end":{"line":3,"column":28}},"loc":{"start":{"line":3,"column":50},"end":{"line":3,"column":68}},"line":3}},"branchMap":{},"s":{"0":1,"1":1,"2":1,"3":1},"f":{"0":1,"1":1},"b":{},"_coverageSchema":"1a1c01bbd47fc00a2c39e90264f33305004495a9","hash":"cb23ef84a394b15edb8668d420d6af242c8e8b60"}
}
